SF:lib\src\converter\domain\unit_category.dart
DA:5,2
DA:23,0
DA:24,0
DA:25,0
DA:28,0
DA:35,2
DA:42,0
LF:7
LH:2
end_of_record
SF:lib\src\converter\domain\unit_theme.dart
DA:4,1
LF:1
LH:1
end_of_record
SF:lib\src\converter\domain\unit.dart
DA:2,4
DA:9,1
DA:10,2
LF:3
LH:3
end_of_record
SF:lib\src\converter\presentation\converter_controller.dart
DA:5,1
DA:6,4
DA:7,4
DA:9,4
DA:10,4
DA:15,2
DA:18,2
DA:21,2
DA:24,2
DA:26,1
DA:27,1
DA:28,1
DA:31,1
DA:32,1
DA:33,1
DA:36,1
DA:37,1
DA:38,1
DA:41,1
DA:42,1
DA:43,1
DA:46,1
DA:47,7
DA:49,3
DA:50,2
DA:52,1
DA:55,1
DA:56,7
DA:58,3
DA:59,2
DA:61,1
LF:31
LH:31
end_of_record
